<?xml version="1.0" encoding="UTF-8"?>
<testsuite xmlns:xsi="http://www.w3.org/2001/XMLSchema-instance" xsi:schemaLocation="https://maven.apache.org/surefire/maven-surefire-plugin/xsd/surefire-test-report.xsd" name="TestSuite" time="69.029" tests="6" errors="0" skipped="0" failures="0">
  <properties>
[...]
</properties>
  <testcase name="basicTest" classname="com.TC01_Validate_Message" time="3.244"/>
  <testcase name="basicTest" classname="com.TC01_Validate_Message" time="5.212"/>
  <testcase name="dragDropTest" classname="com.TC02_DragAndDropSliders" time="4.467"/>
  <testcase name="dragDropTest" classname="com.TC02_DragAndDropSliders" time="5.445"/>
  <testcase name="formSubmissionTest" classname="com.TC03_InputFormSubmission" time="11.263"/>
  <testcase name="formSubmissionTest" classname="com.TC03_InputFormSubmission" time="11.648"/>
</testsuite>