<?xml version="1.0" encoding="UTF-8"?>
<testsuite xmlns:xsi="http://www.w3.org/2001/XMLSchema-instance" xsi:schemaLocation="https://maven.apache.org/surefire/maven-surefire-plugin/xsd/surefire-test-report.xsd" name="TestSuite" time="55.425" tests="6" errors="0" skipped="0" failures="0">
  <properties>
[...]
</properties>
  <testcase name="basicTest" classname="com.TC01_Validate_Message" time="0.192"/>
  <testcase name="basicTest" classname="com.TC01_Validate_Message" time="2.316"/>
  <testcase name="dragDropTest" classname="com.TC02_DragAndDropSliders" time="0.439"/>
  <testcase name="dragDropTest" classname="com.TC02_DragAndDropSliders" time="2.339"/>
  <testcase name="formSubmissionTest" classname="com.TC03_InputFormSubmission" time="5.919"/>
  <testcase name="formSubmissionTest" classname="com.TC03_InputFormSubmission" time="10.293"/>
</testsuite>