<?xml version="1.0" encoding="UTF-8"?>
<testng-results ignored="0" total="6" passed="6" failed="0" skipped="0">
  <reporter-output>
  </reporter-output>
  <suite started-at="2025-01-09T15:09:51 IST" name="Suite" finished-at="2025-01-09T15:10:58 IST" duration-ms="67827">
    <groups>
    </groups>
    <test started-at="2025-01-09T15:09:51 IST" name="Test2" finished-at="2025-01-09T15:10:04 IST" duration-ms="13452">
      <class name="com.TC01_Validate_Message">
        <test-method is-config="true" signature="windows10_chrome_133_setup(java.lang.String,java.lang.String,java.lang.String)[pri:0, instance:com.TC01_Validate_Message@223f3642]" started-at="2025-01-09T15:09:51 IST" name="windows10_chrome_133_setup" finished-at="2025-01-09T15:09:59 IST" duration-ms="8221" status="PASS">
          <params>
            <param index="0">
              <value>
                <![CDATA[chrome]]>
              </value>
            </param>
            <param index="1">
              <value>
                <![CDATA[110.0]]>
              </value>
            </param>
            <param index="2">
              <value>
                <![CDATA[WIN10]]>
              </value>
            </param>
          </params>
          <reporter-output>
          </reporter-output>
        </test-method> <!-- windows10_chrome_133_setup -->
        <test-method signature="basicTest()[pri:0, instance:com.TC01_Validate_Message@223f3642]" started-at="2025-01-09T15:09:59 IST" name="basicTest" finished-at="2025-01-09T15:10:03 IST" duration-ms="3864" status="PASS">
          <reporter-output>
          </reporter-output>
        </test-method> <!-- basicTest -->
        <test-method is-config="true" signature="tearDown()[pri:0, instance:com.TC01_Validate_Message@223f3642]" started-at="2025-01-09T15:10:03 IST" name="tearDown" finished-at="2025-01-09T15:10:04 IST" duration-ms="1295" status="PASS">
          <reporter-output>
          </reporter-output>
        </test-method> <!-- tearDown -->
      </class> <!-- com.TC01_Validate_Message -->
    </test> <!-- Test2 -->
    <test started-at="2025-01-09T15:09:51 IST" name="Test1" finished-at="2025-01-09T15:10:07 IST" duration-ms="16427">
      <class name="com.TC01_Validate_Message">
        <test-method is-config="true" signature="windows10_chrome_133_setup(java.lang.String,java.lang.String,java.lang.String)[pri:0, instance:com.TC01_Validate_Message@50a7bc6e]" started-at="2025-01-09T15:09:51 IST" name="windows10_chrome_133_setup" finished-at="2025-01-09T15:10:00 IST" duration-ms="8835" status="PASS">
          <params>
            <param index="0">
              <value>
                <![CDATA[edge]]>
              </value>
            </param>
            <param index="1">
              <value>
                <![CDATA[102]]>
              </value>
            </param>
            <param index="2">
              <value>
                <![CDATA[WIN8]]>
              </value>
            </param>
          </params>
          <reporter-output>
          </reporter-output>
        </test-method> <!-- windows10_chrome_133_setup -->
        <test-method signature="basicTest()[pri:0, instance:com.TC01_Validate_Message@50a7bc6e]" started-at="2025-01-09T15:10:00 IST" name="basicTest" finished-at="2025-01-09T15:10:05 IST" duration-ms="5223" status="PASS">
          <reporter-output>
          </reporter-output>
        </test-method> <!-- basicTest -->
        <test-method is-config="true" signature="tearDown()[pri:0, instance:com.TC01_Validate_Message@50a7bc6e]" started-at="2025-01-09T15:10:05 IST" name="tearDown" finished-at="2025-01-09T15:10:07 IST" duration-ms="2302" status="PASS">
          <reporter-output>
          </reporter-output>
        </test-method> <!-- tearDown -->
      </class> <!-- com.TC01_Validate_Message -->
    </test> <!-- Test1 -->
    <test started-at="2025-01-09T15:10:07 IST" name="Test4" finished-at="2025-01-09T15:10:25 IST" duration-ms="18034">
      <class name="com.TC02_DragAndDropSliders">
        <test-method is-config="true" signature="setup(java.lang.String,java.lang.String,java.lang.String)[pri:0, instance:com.TC02_DragAndDropSliders@3901d134]" started-at="2025-01-09T15:10:07 IST" name="setup" finished-at="2025-01-09T15:10:19 IST" duration-ms="12168" status="PASS">
          <params>
            <param index="0">
              <value>
                <![CDATA[safari]]>
              </value>
            </param>
            <param index="1">
              <value>
                <![CDATA[13]]>
              </value>
            </param>
            <param index="2">
              <value>
                <![CDATA[MAC]]>
              </value>
            </param>
          </params>
          <reporter-output>
          </reporter-output>
        </test-method> <!-- setup -->
        <test-method signature="dragDropTest()[pri:0, instance:com.TC02_DragAndDropSliders@3901d134]" started-at="2025-01-09T15:10:19 IST" name="dragDropTest" finished-at="2025-01-09T15:10:24 IST" duration-ms="4466" status="PASS">
          <reporter-output>
          </reporter-output>
        </test-method> <!-- dragDropTest -->
        <test-method is-config="true" signature="tearDown()[pri:0, instance:com.TC02_DragAndDropSliders@3901d134]" started-at="2025-01-09T15:10:24 IST" name="tearDown" finished-at="2025-01-09T15:10:25 IST" duration-ms="1392" status="PASS">
          <reporter-output>
          </reporter-output>
        </test-method> <!-- tearDown -->
      </class> <!-- com.TC02_DragAndDropSliders -->
    </test> <!-- Test4 -->
    <test started-at="2025-01-09T15:10:04 IST" name="Test3" finished-at="2025-01-09T15:10:26 IST" duration-ms="21825">
      <class name="com.TC02_DragAndDropSliders">
        <test-method is-config="true" signature="setup(java.lang.String,java.lang.String,java.lang.String)[pri:0, instance:com.TC02_DragAndDropSliders@16e7dcfd]" started-at="2025-01-09T15:10:04 IST" name="setup" finished-at="2025-01-09T15:10:19 IST" duration-ms="14639" status="PASS">
          <params>
            <param index="0">
              <value>
                <![CDATA[edge]]>
              </value>
            </param>
            <param index="1">
              <value>
                <![CDATA[102]]>
              </value>
            </param>
            <param index="2">
              <value>
                <![CDATA[WIN10]]>
              </value>
            </param>
          </params>
          <reporter-output>
          </reporter-output>
        </test-method> <!-- setup -->
        <test-method signature="dragDropTest()[pri:0, instance:com.TC02_DragAndDropSliders@16e7dcfd]" started-at="2025-01-09T15:10:19 IST" name="dragDropTest" finished-at="2025-01-09T15:10:25 IST" duration-ms="5848" status="PASS">
          <reporter-output>
          </reporter-output>
        </test-method> <!-- dragDropTest -->
        <test-method is-config="true" signature="tearDown()[pri:0, instance:com.TC02_DragAndDropSliders@16e7dcfd]" started-at="2025-01-09T15:10:25 IST" name="tearDown" finished-at="2025-01-09T15:10:26 IST" duration-ms="1338" status="PASS">
          <reporter-output>
          </reporter-output>
        </test-method> <!-- tearDown -->
      </class> <!-- com.TC02_DragAndDropSliders -->
    </test> <!-- Test3 -->
    <test started-at="2025-01-09T15:10:25 IST" name="Test5" finished-at="2025-01-09T15:10:58 IST" duration-ms="33006">
      <class name="com.TC03_InputFormSubmission">
        <test-method is-config="true" signature="setup(java.lang.String,java.lang.String,java.lang.String)[pri:0, instance:com.TC03_InputFormSubmission@45018215]" started-at="2025-01-09T15:10:25 IST" name="setup" finished-at="2025-01-09T15:10:45 IST" duration-ms="20067" status="PASS">
          <params>
            <param index="0">
              <value>
                <![CDATA[edge]]>
              </value>
            </param>
            <param index="1">
              <value>
                <![CDATA[102]]>
              </value>
            </param>
            <param index="2">
              <value>
                <![CDATA[MAC]]>
              </value>
            </param>
          </params>
          <reporter-output>
          </reporter-output>
        </test-method> <!-- setup -->
        <test-method signature="formSubmissionTest()[pri:0, instance:com.TC03_InputFormSubmission@45018215]" started-at="2025-01-09T15:10:45 IST" name="formSubmissionTest" finished-at="2025-01-09T15:10:56 IST" duration-ms="11268" status="PASS">
          <reporter-output>
          </reporter-output>
        </test-method> <!-- formSubmissionTest -->
        <test-method is-config="true" signature="tearDown()[pri:0, instance:com.TC03_InputFormSubmission@45018215]" started-at="2025-01-09T15:10:56 IST" name="tearDown" finished-at="2025-01-09T15:10:58 IST" duration-ms="1670" status="PASS">
          <reporter-output>
          </reporter-output>
        </test-method> <!-- tearDown -->
      </class> <!-- com.TC03_InputFormSubmission -->
    </test> <!-- Test5 -->
    <test started-at="2025-01-09T15:10:26 IST" name="Test6" finished-at="2025-01-09T15:10:58 IST" duration-ms="32414">
      <class name="com.TC03_InputFormSubmission">
        <test-method is-config="true" signature="setup(java.lang.String,java.lang.String,java.lang.String)[pri:0, instance:com.TC03_InputFormSubmission@79efed2d]" started-at="2025-01-09T15:10:26 IST" name="setup" finished-at="2025-01-09T15:10:43 IST" duration-ms="16755" status="PASS">
          <params>
            <param index="0">
              <value>
                <![CDATA[chrome]]>
              </value>
            </param>
            <param index="1">
              <value>
                <![CDATA[79.0]]>
              </value>
            </param>
            <param index="2">
              <value>
                <![CDATA[WIN8]]>
              </value>
            </param>
          </params>
          <reporter-output>
          </reporter-output>
        </test-method> <!-- setup -->
        <test-method signature="formSubmissionTest()[pri:0, instance:com.TC03_InputFormSubmission@79efed2d]" started-at="2025-01-09T15:10:43 IST" name="formSubmissionTest" finished-at="2025-01-09T15:10:57 IST" duration-ms="14037" status="PASS">
          <reporter-output>
          </reporter-output>
        </test-method> <!-- formSubmissionTest -->
        <test-method is-config="true" signature="tearDown()[pri:0, instance:com.TC03_InputFormSubmission@79efed2d]" started-at="2025-01-09T15:10:57 IST" name="tearDown" finished-at="2025-01-09T15:10:58 IST" duration-ms="1615" status="PASS">
          <reporter-output>
          </reporter-output>
        </test-method> <!-- tearDown -->
      </class> <!-- com.TC03_InputFormSubmission -->
    </test> <!-- Test6 -->
  </suite> <!-- Suite -->
</testng-results>
