<?xml version="1.0" encoding="UTF-8"?>
<testng-results ignored="0" total="6" passed="6" failed="0" skipped="0">
  <reporter-output>
  </reporter-output>
  <suite started-at="2025-01-09T10:45:42 UTC" name="Suite" finished-at="2025-01-09T10:46:37 UTC" duration-ms="54893">
    <groups>
    </groups>
    <test started-at="2025-01-09T10:45:42 UTC" name="Test1" finished-at="2025-01-09T10:45:56 UTC" duration-ms="13905">
      <class name="com.TC01_Validate_Message">
        <test-method is-config="true" signature="windows10_chrome_133_setup(java.lang.String,java.lang.String,java.lang.String)[pri:0, instance:com.TC01_Validate_Message@6db9f5a4]" started-at="2025-01-09T10:45:42 UTC" name="windows10_chrome_133_setup" finished-at="2025-01-09T10:45:52 UTC" duration-ms="9799" status="PASS">
          <params>
            <param index="0">
              <value>
                <![CDATA[safari]]>
              </value>
            </param>
            <param index="1">
              <value>
                <![CDATA[18]]>
              </value>
            </param>
            <param index="2">
              <value>
                <![CDATA[MAC]]>
              </value>
            </param>
          </params>
          <reporter-output>
          </reporter-output>
        </test-method> <!-- windows10_chrome_133_setup -->
        <test-method signature="basicTest()[pri:0, instance:com.TC01_Validate_Message@6db9f5a4]" started-at="2025-01-09T10:45:52 UTC" name="basicTest" finished-at="2025-01-09T10:45:54 UTC" duration-ms="2569" status="PASS">
          <reporter-output>
          </reporter-output>
        </test-method> <!-- basicTest -->
        <test-method is-config="true" signature="tearDown()[pri:0, instance:com.TC01_Validate_Message@6db9f5a4]" started-at="2025-01-09T10:45:54 UTC" name="tearDown" finished-at="2025-01-09T10:45:56 UTC" duration-ms="1486" status="PASS">
          <reporter-output>
          </reporter-output>
        </test-method> <!-- tearDown -->
      </class> <!-- com.TC01_Validate_Message -->
    </test> <!-- Test1 -->
    <test started-at="2025-01-09T10:45:42 UTC" name="Test2" finished-at="2025-01-09T10:45:57 UTC" duration-ms="15832">
      <class name="com.TC01_Validate_Message">
        <test-method is-config="true" signature="windows10_chrome_133_setup(java.lang.String,java.lang.String,java.lang.String)[pri:0, instance:com.TC01_Validate_Message@19d481b]" started-at="2025-01-09T10:45:42 UTC" name="windows10_chrome_133_setup" finished-at="2025-01-09T10:45:54 UTC" duration-ms="12179" status="PASS">
          <params>
            <param index="0">
              <value>
                <![CDATA[chrome]]>
              </value>
            </param>
            <param index="1">
              <value>
                <![CDATA[110.0]]>
              </value>
            </param>
            <param index="2">
              <value>
                <![CDATA[WIN10]]>
              </value>
            </param>
          </params>
          <reporter-output>
          </reporter-output>
        </test-method> <!-- windows10_chrome_133_setup -->
        <test-method signature="basicTest()[pri:0, instance:com.TC01_Validate_Message@19d481b]" started-at="2025-01-09T10:45:54 UTC" name="basicTest" finished-at="2025-01-09T10:45:56 UTC" duration-ms="2315" status="PASS">
          <reporter-output>
          </reporter-output>
        </test-method> <!-- basicTest -->
        <test-method is-config="true" signature="tearDown()[pri:0, instance:com.TC01_Validate_Message@19d481b]" started-at="2025-01-09T10:45:56 UTC" name="tearDown" finished-at="2025-01-09T10:45:57 UTC" duration-ms="1290" status="PASS">
          <reporter-output>
          </reporter-output>
        </test-method> <!-- tearDown -->
      </class> <!-- com.TC01_Validate_Message -->
    </test> <!-- Test2 -->
    <test started-at="2025-01-09T10:45:56 UTC" name="Test3" finished-at="2025-01-09T10:46:10 UTC" duration-ms="13936">
      <class name="com.TC02_DragAndDropSliders">
        <test-method is-config="true" signature="setup(java.lang.String,java.lang.String,java.lang.String)[pri:0, instance:com.TC02_DragAndDropSliders@73ee04c8]" started-at="2025-01-09T10:45:56 UTC" name="setup" finished-at="2025-01-09T10:46:06 UTC" duration-ms="10038" status="PASS">
          <params>
            <param index="0">
              <value>
                <![CDATA[edge]]>
              </value>
            </param>
            <param index="1">
              <value>
                <![CDATA[102]]>
              </value>
            </param>
            <param index="2">
              <value>
                <![CDATA[WIN10]]>
              </value>
            </param>
          </params>
          <reporter-output>
          </reporter-output>
        </test-method> <!-- setup -->
        <test-method signature="dragDropTest()[pri:0, instance:com.TC02_DragAndDropSliders@73ee04c8]" started-at="2025-01-09T10:46:06 UTC" name="dragDropTest" finished-at="2025-01-09T10:46:08 UTC" duration-ms="2588" status="PASS">
          <reporter-output>
          </reporter-output>
        </test-method> <!-- dragDropTest -->
        <test-method is-config="true" signature="tearDown()[pri:0, instance:com.TC02_DragAndDropSliders@73ee04c8]" started-at="2025-01-09T10:46:08 UTC" name="tearDown" finished-at="2025-01-09T10:46:10 UTC" duration-ms="1308" status="PASS">
          <reporter-output>
          </reporter-output>
        </test-method> <!-- tearDown -->
      </class> <!-- com.TC02_DragAndDropSliders -->
    </test> <!-- Test3 -->
    <test started-at="2025-01-09T10:45:57 UTC" name="Test4" finished-at="2025-01-09T10:46:12 UTC" duration-ms="14097">
      <class name="com.TC02_DragAndDropSliders">
        <test-method is-config="true" signature="setup(java.lang.String,java.lang.String,java.lang.String)[pri:0, instance:com.TC02_DragAndDropSliders@68c72235]" started-at="2025-01-09T10:45:57 UTC" name="setup" finished-at="2025-01-09T10:46:08 UTC" duration-ms="10289" status="PASS">
          <params>
            <param index="0">
              <value>
                <![CDATA[safari]]>
              </value>
            </param>
            <param index="1">
              <value>
                <![CDATA[18]]>
              </value>
            </param>
            <param index="2">
              <value>
                <![CDATA[MAC]]>
              </value>
            </param>
          </params>
          <reporter-output>
          </reporter-output>
        </test-method> <!-- setup -->
        <test-method signature="dragDropTest()[pri:0, instance:com.TC02_DragAndDropSliders@68c72235]" started-at="2025-01-09T10:46:08 UTC" name="dragDropTest" finished-at="2025-01-09T10:46:10 UTC" duration-ms="2340" status="PASS">
          <reporter-output>
          </reporter-output>
        </test-method> <!-- dragDropTest -->
        <test-method is-config="true" signature="tearDown()[pri:0, instance:com.TC02_DragAndDropSliders@68c72235]" started-at="2025-01-09T10:46:10 UTC" name="tearDown" finished-at="2025-01-09T10:46:12 UTC" duration-ms="1467" status="PASS">
          <reporter-output>
          </reporter-output>
        </test-method> <!-- tearDown -->
      </class> <!-- com.TC02_DragAndDropSliders -->
    </test> <!-- Test4 -->
    <test started-at="2025-01-09T10:46:12 UTC" name="Test6" finished-at="2025-01-09T10:46:25 UTC" duration-ms="13568">
      <class name="com.TC03_InputFormSubmission">
        <test-method is-config="true" signature="setup(java.lang.String,java.lang.String,java.lang.String)[pri:0, instance:com.TC03_InputFormSubmission@3d1cfad4]" started-at="2025-01-09T10:46:12 UTC" name="setup" finished-at="2025-01-09T10:46:18 UTC" duration-ms="6204" status="PASS">
          <params>
            <param index="0">
              <value>
                <![CDATA[chrome]]>
              </value>
            </param>
            <param index="1">
              <value>
                <![CDATA[112]]>
              </value>
            </param>
            <param index="2">
              <value>
                <![CDATA[WIN10]]>
              </value>
            </param>
          </params>
          <reporter-output>
          </reporter-output>
        </test-method> <!-- setup -->
        <test-method signature="formSubmissionTest()[pri:0, instance:com.TC03_InputFormSubmission@3d1cfad4]" started-at="2025-01-09T10:46:18 UTC" name="formSubmissionTest" finished-at="2025-01-09T10:46:24 UTC" duration-ms="5918" status="PASS">
          <reporter-output>
          </reporter-output>
        </test-method> <!-- formSubmissionTest -->
        <test-method is-config="true" signature="tearDown()[pri:0, instance:com.TC03_InputFormSubmission@3d1cfad4]" started-at="2025-01-09T10:46:24 UTC" name="tearDown" finished-at="2025-01-09T10:46:25 UTC" duration-ms="1445" status="PASS">
          <reporter-output>
          </reporter-output>
        </test-method> <!-- tearDown -->
      </class> <!-- com.TC03_InputFormSubmission -->
    </test> <!-- Test6 -->
    <test started-at="2025-01-09T10:46:10 UTC" name="Test5" finished-at="2025-01-09T10:46:37 UTC" duration-ms="27008">
      <class name="com.TC03_InputFormSubmission">
        <test-method is-config="true" signature="setup(java.lang.String,java.lang.String,java.lang.String)[pri:0, instance:com.TC03_InputFormSubmission@3e6ef8ad]" started-at="2025-01-09T10:46:10 UTC" name="setup" finished-at="2025-01-09T10:46:25 UTC" duration-ms="15104" status="PASS">
          <params>
            <param index="0">
              <value>
                <![CDATA[edge]]>
              </value>
            </param>
            <param index="1">
              <value>
                <![CDATA[102]]>
              </value>
            </param>
            <param index="2">
              <value>
                <![CDATA[WIN11]]>
              </value>
            </param>
          </params>
          <reporter-output>
          </reporter-output>
        </test-method> <!-- setup -->
        <test-method signature="formSubmissionTest()[pri:0, instance:com.TC03_InputFormSubmission@3e6ef8ad]" started-at="2025-01-09T10:46:25 UTC" name="formSubmissionTest" finished-at="2025-01-09T10:46:35 UTC" duration-ms="10293" status="PASS">
          <reporter-output>
          </reporter-output>
        </test-method> <!-- formSubmissionTest -->
        <test-method is-config="true" signature="tearDown()[pri:0, instance:com.TC03_InputFormSubmission@3e6ef8ad]" started-at="2025-01-09T10:46:35 UTC" name="tearDown" finished-at="2025-01-09T10:46:37 UTC" duration-ms="1602" status="PASS">
          <reporter-output>
          </reporter-output>
        </test-method> <!-- tearDown -->
      </class> <!-- com.TC03_InputFormSubmission -->
    </test> <!-- Test5 -->
  </suite> <!-- Suite -->
</testng-results>
